[0.151s] DEBUG:colcon:Command line arguments: ['/home/linhares1111/.local/bin/colcon', 'build']
[0.151s] DEBUG:colcon:Parsed command line arguments: Namespace(log_base=None, log_level=None, verb_name='build', build_base='build', install_base='install', merge_install=False, symlink_install=False, test_result_base=None, continue_on_error=False, executor='parallel', parallel_workers=8, event_handlers=None, ignore_user_meta=False, metas=['./colcon.meta'], base_paths=['.'], packages_ignore=None, packages_ignore_regex=None, paths=None, packages_up_to=None, packages_up_to_regex=None, packages_above=None, packages_above_and_dependencies=None, packages_above_depth=None, packages_select_by_dep=None, packages_skip_by_dep=None, packages_skip_up_to=None, packages_select_build_failed=False, packages_skip_build_finished=False, packages_select_test_failures=False, packages_skip_test_passed=False, packages_select=None, packages_skip=None, packages_select_regex=None, packages_skip_regex=None, packages_start=None, packages_end=None, allow_overriding=[], cmake_args=None, cmake_target=None, cmake_target_skip_unavailable=False, cmake_clean_cache=False, cmake_clean_first=False, cmake_force_configure=False, ament_cmake_args=None, catkin_cmake_args=None, catkin_skip_building_tests=False, verb_parser=<colcon_defaults.argument_parser.defaults.DefaultArgumentsDecorator object at 0x7e8027828160>, verb_extension=<colcon_core.verb.build.BuildVerb object at 0x7e8027991810>, main=<bound method BuildVerb.main of <colcon_core.verb.build.BuildVerb object at 0x7e8027991810>>)
[0.808s] Level 1:colcon.colcon_core.package_discovery:discover_packages(colcon_meta) check parameters
[0.808s] Level 1:colcon.colcon_core.package_discovery:discover_packages(recursive) check parameters
[0.808s] Level 1:colcon.colcon_core.package_discovery:discover_packages(ignore) check parameters
[0.808s] Level 1:colcon.colcon_core.package_discovery:discover_packages(path) check parameters
[0.808s] Level 1:colcon.colcon_core.package_discovery:discover_packages(colcon_meta) discover
[0.808s] Level 1:colcon.colcon_core.package_discovery:discover_packages(recursive) discover
[0.808s] INFO:colcon.colcon_core.package_discovery:Crawling recursively for packages in '/home/linhares1111/the_ws/src/the_slam_py'
[0.809s] Level 1:colcon.colcon_core.package_identification:_identify(.) by extensions ['ignore', 'ignore_ament_install']
[0.809s] Level 1:colcon.colcon_core.package_identification:_identify(.) by extension 'ignore'
[0.809s] Level 1:colcon.colcon_core.package_identification:_identify(.) by extension 'ignore_ament_install'
[0.809s] Level 1:colcon.colcon_core.package_identification:_identify(.) by extensions ['colcon_pkg']
[0.809s] Level 1:colcon.colcon_core.package_identification:_identify(.) by extension 'colcon_pkg'
[0.809s] Level 1:colcon.colcon_core.package_identification:_identify(.) by extensions ['colcon_meta']
[0.809s] Level 1:colcon.colcon_core.package_identification:_identify(.) by extension 'colcon_meta'
[0.809s] Level 1:colcon.colcon_core.package_identification:_identify(.) by extensions ['ros']
[0.809s] Level 1:colcon.colcon_core.package_identification:_identify(.) by extension 'ros'
[0.823s] DEBUG:colcon.colcon_core.package_identification:Package '.' with type 'ros.ament_python' and name 'the_slam_py'
[0.823s] Level 1:colcon.colcon_core.package_discovery:discover_packages(recursive) using defaults
[0.823s] Level 1:colcon.colcon_core.package_discovery:discover_packages(ignore) discover
[0.823s] Level 1:colcon.colcon_core.package_discovery:discover_packages(ignore) using defaults
[0.823s] Level 1:colcon.colcon_core.package_discovery:discover_packages(path) discover
[0.823s] Level 1:colcon.colcon_core.package_discovery:discover_packages(path) using defaults
[0.861s] Level 1:colcon.colcon_core.package_discovery:discover_packages(prefix_path) check parameters
[0.861s] Level 1:colcon.colcon_core.package_discovery:discover_packages(prefix_path) discover
[0.862s] DEBUG:colcon.colcon_installed_package_information.package_discovery:Found 3 installed packages in /home/linhares1111/the_ws/install
[0.863s] DEBUG:colcon.colcon_installed_package_information.package_discovery:Found 2 installed packages in /home/linhares1111/cg/install
[0.864s] DEBUG:colcon.colcon_installed_package_information.package_discovery:Found 398 installed packages in /opt/ros/humble
[0.866s] Level 1:colcon.colcon_core.package_discovery:discover_packages(prefix_path) using defaults
[0.994s] Level 5:colcon.colcon_core.verb:set package 'the_slam_py' build argument 'cmake_args' from command line to 'None'
[0.994s] Level 5:colcon.colcon_core.verb:set package 'the_slam_py' build argument 'cmake_target' from command line to 'None'
[0.994s] Level 5:colcon.colcon_core.verb:set package 'the_slam_py' build argument 'cmake_target_skip_unavailable' from command line to 'False'
[0.994s] Level 5:colcon.colcon_core.verb:set package 'the_slam_py' build argument 'cmake_clean_cache' from command line to 'False'
[0.994s] Level 5:colcon.colcon_core.verb:set package 'the_slam_py' build argument 'cmake_clean_first' from command line to 'False'
[0.994s] Level 5:colcon.colcon_core.verb:set package 'the_slam_py' build argument 'cmake_force_configure' from command line to 'False'
[0.994s] Level 5:colcon.colcon_core.verb:set package 'the_slam_py' build argument 'ament_cmake_args' from command line to 'None'
[0.994s] Level 5:colcon.colcon_core.verb:set package 'the_slam_py' build argument 'catkin_cmake_args' from command line to 'None'
[0.994s] Level 5:colcon.colcon_core.verb:set package 'the_slam_py' build argument 'catkin_skip_building_tests' from command line to 'False'
[0.994s] DEBUG:colcon.colcon_core.verb:Building package 'the_slam_py' with the following arguments: {'ament_cmake_args': None, 'build_base': '/home/linhares1111/the_ws/src/the_slam_py/build/the_slam_py', 'catkin_cmake_args': None, 'catkin_skip_building_tests': False, 'cmake_args': None, 'cmake_clean_cache': False, 'cmake_clean_first': False, 'cmake_force_configure': False, 'cmake_target': None, 'cmake_target_skip_unavailable': False, 'install_base': '/home/linhares1111/the_ws/src/the_slam_py/install/the_slam_py', 'merge_install': False, 'path': '/home/linhares1111/the_ws/src/the_slam_py', 'symlink_install': False, 'test_result_base': None}
[0.995s] INFO:colcon.colcon_core.executor:Executing jobs using 'parallel' executor
[0.995s] DEBUG:colcon.colcon_parallel_executor.executor.parallel:run_until_complete
[0.996s] INFO:colcon.colcon_ros.task.ament_python.build:Building ROS package in '/home/linhares1111/the_ws/src/the_slam_py' with build type 'ament_python'
[0.996s] Level 1:colcon.colcon_core.shell:create_environment_hook('the_slam_py', 'ament_prefix_path')
[0.998s] INFO:colcon.colcon_core.plugin_system:Skipping extension 'colcon_core.shell.bat': Not used on non-Windows systems
[0.998s] INFO:colcon.colcon_core.shell:Creating environment hook '/home/linhares1111/the_ws/src/the_slam_py/install/the_slam_py/share/the_slam_py/hook/ament_prefix_path.ps1'
[0.999s] INFO:colcon.colcon_core.shell:Creating environment descriptor '/home/linhares1111/the_ws/src/the_slam_py/install/the_slam_py/share/the_slam_py/hook/ament_prefix_path.dsv'
[0.999s] INFO:colcon.colcon_core.shell:Creating environment hook '/home/linhares1111/the_ws/src/the_slam_py/install/the_slam_py/share/the_slam_py/hook/ament_prefix_path.sh'
[1.000s] INFO:colcon.colcon_core.shell:Skip shell extension 'powershell' for command environment: Not usable outside of PowerShell
[1.000s] DEBUG:colcon.colcon_core.shell:Skip shell extension 'dsv' for command environment
[1.280s] INFO:colcon.colcon_core.task.python.build:Building Python package in '/home/linhares1111/the_ws/src/the_slam_py'
[1.280s] INFO:colcon.colcon_core.shell:Skip shell extension 'powershell' for command environment: Not usable outside of PowerShell
[1.280s] DEBUG:colcon.colcon_core.shell:Skip shell extension 'dsv' for command environment
[1.670s] DEBUG:colcon.colcon_core.event_handler.log_command:Invoking command in '/home/linhares1111/the_ws/src/the_slam_py': PYTHONPATH=/home/linhares1111/the_ws/src/the_slam_py/build/the_slam_py/prefix_override:/home/linhares1111/.local/lib/python3.10/site-packages/colcon_core/task/python/colcon_distutils_commands:/home/linhares1111/the_ws/src/the_slam_py/install/the_slam_py/lib/python3.10/site-packages:${PYTHONPATH} /usr/bin/python3 -W ignore:setup.py install is deprecated setup.py egg_info --egg-base build/the_slam_py build --build-base /home/linhares1111/the_ws/src/the_slam_py/build/the_slam_py/build install --record /home/linhares1111/the_ws/src/the_slam_py/build/the_slam_py/install.log --single-version-externally-managed install_data
[2.000s] DEBUG:colcon.colcon_core.event_handler.log_command:Invoked command in '/home/linhares1111/the_ws/src/the_slam_py' returned '0': PYTHONPATH=/home/linhares1111/the_ws/src/the_slam_py/build/the_slam_py/prefix_override:/home/linhares1111/.local/lib/python3.10/site-packages/colcon_core/task/python/colcon_distutils_commands:/home/linhares1111/the_ws/src/the_slam_py/install/the_slam_py/lib/python3.10/site-packages:${PYTHONPATH} /usr/bin/python3 -W ignore:setup.py install is deprecated setup.py egg_info --egg-base build/the_slam_py build --build-base /home/linhares1111/the_ws/src/the_slam_py/build/the_slam_py/build install --record /home/linhares1111/the_ws/src/the_slam_py/build/the_slam_py/install.log --single-version-externally-managed install_data
[2.002s] Level 1:colcon.colcon_core.environment:checking '/home/linhares1111/the_ws/src/the_slam_py/install/the_slam_py' for CMake module files
[2.002s] Level 1:colcon.colcon_core.environment:checking '/home/linhares1111/the_ws/src/the_slam_py/install/the_slam_py' for CMake config files
[2.003s] Level 1:colcon.colcon_core.environment:checking '/home/linhares1111/the_ws/src/the_slam_py/install/the_slam_py/lib'
[2.003s] Level 1:colcon.colcon_core.environment:checking '/home/linhares1111/the_ws/src/the_slam_py/install/the_slam_py/bin'
[2.003s] Level 1:colcon.colcon_core.environment:checking '/home/linhares1111/the_ws/src/the_slam_py/install/the_slam_py/lib/pkgconfig/the_slam_py.pc'
[2.003s] Level 1:colcon.colcon_core.environment:checking '/home/linhares1111/the_ws/src/the_slam_py/install/the_slam_py/lib/python3.10/site-packages'
[2.003s] Level 1:colcon.colcon_core.shell:create_environment_hook('the_slam_py', 'pythonpath')
[2.004s] INFO:colcon.colcon_core.shell:Creating environment hook '/home/linhares1111/the_ws/src/the_slam_py/install/the_slam_py/share/the_slam_py/hook/pythonpath.ps1'
[2.004s] INFO:colcon.colcon_core.shell:Creating environment descriptor '/home/linhares1111/the_ws/src/the_slam_py/install/the_slam_py/share/the_slam_py/hook/pythonpath.dsv'
[2.004s] INFO:colcon.colcon_core.shell:Creating environment hook '/home/linhares1111/the_ws/src/the_slam_py/install/the_slam_py/share/the_slam_py/hook/pythonpath.sh'
[2.005s] Level 1:colcon.colcon_core.environment:checking '/home/linhares1111/the_ws/src/the_slam_py/install/the_slam_py/bin'
[2.005s] Level 1:colcon.colcon_core.environment:create_environment_scripts_only(the_slam_py)
[2.005s] INFO:colcon.colcon_core.shell:Creating package script '/home/linhares1111/the_ws/src/the_slam_py/install/the_slam_py/share/the_slam_py/package.ps1'
[2.006s] INFO:colcon.colcon_core.shell:Creating package descriptor '/home/linhares1111/the_ws/src/the_slam_py/install/the_slam_py/share/the_slam_py/package.dsv'
[2.006s] INFO:colcon.colcon_core.shell:Creating package script '/home/linhares1111/the_ws/src/the_slam_py/install/the_slam_py/share/the_slam_py/package.sh'
[2.007s] INFO:colcon.colcon_core.shell:Creating package script '/home/linhares1111/the_ws/src/the_slam_py/install/the_slam_py/share/the_slam_py/package.bash'
[2.007s] INFO:colcon.colcon_core.shell:Creating package script '/home/linhares1111/the_ws/src/the_slam_py/install/the_slam_py/share/the_slam_py/package.zsh'
[2.008s] Level 1:colcon.colcon_core.environment:create_file_with_runtime_dependencies(/home/linhares1111/the_ws/src/the_slam_py/install/the_slam_py/share/colcon-core/packages/the_slam_py)
[2.008s] DEBUG:colcon.colcon_parallel_executor.executor.parallel:closing loop
[2.009s] DEBUG:colcon.colcon_parallel_executor.executor.parallel:loop closed
[2.009s] DEBUG:colcon.colcon_parallel_executor.executor.parallel:run_until_complete finished with '0'
[2.009s] DEBUG:colcon.colcon_core.event_reactor:joining thread
[2.014s] INFO:colcon.colcon_core.plugin_system:Skipping extension 'colcon_notification.desktop_notification.terminal_notifier': Not used on non-Darwin systems
[2.014s] INFO:colcon.colcon_core.plugin_system:Skipping extension 'colcon_notification.desktop_notification.win32': Not used on non-Windows systems
[2.015s] INFO:colcon.colcon_notification.desktop_notification:Sending desktop notification using 'notify2'
[2.024s] DEBUG:colcon.colcon_core.event_reactor:joined thread
[2.025s] INFO:colcon.colcon_core.shell:Creating prefix script '/home/linhares1111/the_ws/src/the_slam_py/install/local_setup.ps1'
[2.027s] INFO:colcon.colcon_core.shell:Creating prefix util module '/home/linhares1111/the_ws/src/the_slam_py/install/_local_setup_util_ps1.py'
[2.048s] INFO:colcon.colcon_core.shell:Creating prefix chain script '/home/linhares1111/the_ws/src/the_slam_py/install/setup.ps1'
[2.049s] INFO:colcon.colcon_core.shell:Creating prefix script '/home/linhares1111/the_ws/src/the_slam_py/install/local_setup.sh'
[2.050s] INFO:colcon.colcon_core.shell:Creating prefix util module '/home/linhares1111/the_ws/src/the_slam_py/install/_local_setup_util_sh.py'
[2.050s] INFO:colcon.colcon_core.shell:Creating prefix chain script '/home/linhares1111/the_ws/src/the_slam_py/install/setup.sh'
[2.052s] INFO:colcon.colcon_core.shell:Creating prefix script '/home/linhares1111/the_ws/src/the_slam_py/install/local_setup.bash'
[2.052s] INFO:colcon.colcon_core.shell:Creating prefix chain script '/home/linhares1111/the_ws/src/the_slam_py/install/setup.bash'
[2.054s] INFO:colcon.colcon_core.shell:Creating prefix script '/home/linhares1111/the_ws/src/the_slam_py/install/local_setup.zsh'
[2.056s] INFO:colcon.colcon_core.shell:Creating prefix chain script '/home/linhares1111/the_ws/src/the_slam_py/install/setup.zsh'
