[0.673s] Invoking command in '/home/linhares1111/the_ws/src/the_slam_py': PYTHONPATH=/home/linhares1111/the_ws/src/the_slam_py/build/the_slam_py/prefix_override:/home/linhares1111/.local/lib/python3.10/site-packages/colcon_core/task/python/colcon_distutils_commands:/home/linhares1111/the_ws/src/the_slam_py/install/the_slam_py/lib/python3.10/site-packages:${PYTHONPATH} /usr/bin/python3 -W ignore:setup.py install is deprecated setup.py egg_info --egg-base build/the_slam_py build --build-base /home/linhares1111/the_ws/src/the_slam_py/build/the_slam_py/build install --record /home/linhares1111/the_ws/src/the_slam_py/build/the_slam_py/install.log --single-version-externally-managed install_data
[0.913s] running egg_info
[0.914s] creating build/the_slam_py/the_slam_py.egg-info
[0.914s] writing build/the_slam_py/the_slam_py.egg-info/PKG-INFO
[0.914s] writing dependency_links to build/the_slam_py/the_slam_py.egg-info/dependency_links.txt
[0.914s] writing entry points to build/the_slam_py/the_slam_py.egg-info/entry_points.txt
[0.914s] writing requirements to build/the_slam_py/the_slam_py.egg-info/requires.txt
[0.915s] writing top-level names to build/the_slam_py/the_slam_py.egg-info/top_level.txt
[0.915s] writing manifest file 'build/the_slam_py/the_slam_py.egg-info/SOURCES.txt'
[0.916s] reading manifest file 'build/the_slam_py/the_slam_py.egg-info/SOURCES.txt'
[0.917s] writing manifest file 'build/the_slam_py/the_slam_py.egg-info/SOURCES.txt'
[0.917s] running build
[0.918s] running build_py
[0.918s] creating /home/linhares1111/the_ws/src/the_slam_py/build/the_slam_py/build
[0.918s] creating /home/linhares1111/the_ws/src/the_slam_py/build/the_slam_py/build/lib
[0.930s] creating /home/linhares1111/the_ws/src/the_slam_py/build/the_slam_py/build/lib/the_slam_py
[0.930s] copying the_slam_py/shazam.py -> /home/linhares1111/the_ws/src/the_slam_py/build/the_slam_py/build/lib/the_slam_py
[0.930s] copying the_slam_py/__init__.py -> /home/linhares1111/the_ws/src/the_slam_py/build/the_slam_py/build/lib/the_slam_py
[0.930s] running install
[0.930s] running install_lib
[0.931s] creating /home/linhares1111/the_ws/src/the_slam_py/install/the_slam_py/lib/python3.10/site-packages/the_slam_py
[0.931s] copying /home/linhares1111/the_ws/src/the_slam_py/build/the_slam_py/build/lib/the_slam_py/shazam.py -> /home/linhares1111/the_ws/src/the_slam_py/install/the_slam_py/lib/python3.10/site-packages/the_slam_py
[0.931s] copying /home/linhares1111/the_ws/src/the_slam_py/build/the_slam_py/build/lib/the_slam_py/__init__.py -> /home/linhares1111/the_ws/src/the_slam_py/install/the_slam_py/lib/python3.10/site-packages/the_slam_py
[0.932s] byte-compiling /home/linhares1111/the_ws/src/the_slam_py/install/the_slam_py/lib/python3.10/site-packages/the_slam_py/shazam.py to shazam.cpython-310.pyc
[0.932s] byte-compiling /home/linhares1111/the_ws/src/the_slam_py/install/the_slam_py/lib/python3.10/site-packages/the_slam_py/__init__.py to __init__.cpython-310.pyc
[0.932s] running install_data
[0.932s] creating /home/linhares1111/the_ws/src/the_slam_py/install/the_slam_py/share/ament_index
[0.932s] creating /home/linhares1111/the_ws/src/the_slam_py/install/the_slam_py/share/ament_index/resource_index
[0.932s] creating /home/linhares1111/the_ws/src/the_slam_py/install/the_slam_py/share/ament_index/resource_index/packages
[0.932s] copying resource/the_slam_py -> /home/linhares1111/the_ws/src/the_slam_py/install/the_slam_py/share/ament_index/resource_index/packages
[0.933s] copying package.xml -> /home/linhares1111/the_ws/src/the_slam_py/install/the_slam_py/share/the_slam_py
[0.933s] creating /home/linhares1111/the_ws/src/the_slam_py/install/the_slam_py/share/the_slam_py/launch
[0.949s] running install_egg_info
[0.951s] Copying build/the_slam_py/the_slam_py.egg-info to /home/linhares1111/the_ws/src/the_slam_py/install/the_slam_py/lib/python3.10/site-packages/the_slam_py-0.0.0-py3.10.egg-info
[0.952s] running install_scripts
[0.973s] Installing shazam script to /home/linhares1111/the_ws/src/the_slam_py/install/the_slam_py/lib/the_slam_py
[0.973s] writing list of installed files to '/home/linhares1111/the_ws/src/the_slam_py/build/the_slam_py/install.log'
[1.004s] Invoked command in '/home/linhares1111/the_ws/src/the_slam_py' returned '0': PYTHONPATH=/home/linhares1111/the_ws/src/the_slam_py/build/the_slam_py/prefix_override:/home/linhares1111/.local/lib/python3.10/site-packages/colcon_core/task/python/colcon_distutils_commands:/home/linhares1111/the_ws/src/the_slam_py/install/the_slam_py/lib/python3.10/site-packages:${PYTHONPATH} /usr/bin/python3 -W ignore:setup.py install is deprecated setup.py egg_info --egg-base build/the_slam_py build --build-base /home/linhares1111/the_ws/src/the_slam_py/build/the_slam_py/build install --record /home/linhares1111/the_ws/src/the_slam_py/build/the_slam_py/install.log --single-version-externally-managed install_data
